  Aircraft.cpp
  Animation.cpp
  Application.cpp
  BloomEffect.cpp
  Button.cpp
  Command.cpp
  CommandQueue.cpp
  Component.cpp
  Container.cpp
  DataTables.cpp
  EmitterNode.cpp
  Entity.cpp
  GameOverState.cpp
  GameState.cpp
  Label.cpp
  Main.cpp
  MenuState.cpp
  MusicPlayer.cpp
  ParticleNode.cpp
  PauseState.cpp
  Generating Code...
  Compiling...
  Pickup.cpp
  Player.cpp
  PostEffect.cpp
  Projectile.cpp
  SceneNode.cpp
  SettingsState.cpp
  SoundNode.cpp
  SoundPlayer.cpp
  SpriteNode.cpp
  State.cpp
  StateStack.cpp
  TextNode.cpp
  TitleState.cpp
  Utility.cpp
  World.cpp
  Generating Code...
  GD4GameWorld.vcxproj -> C:\Users\alexj\Desktop\2d_sfml_game\Debug\GD4GameWorld.exe
